make.exe all --print-data-base --no-builtin-variables --no-builtin-rules --question
make.exe: *** No rule to make target 'all'.  Stop.

# GNU Make 4.2.1
# Built for x86_64-w64-mingw32
# Copyright (C) 1988-2016 Free Software Foundation, Inc.
# License GPLv3+: GNU GPL version 3 or later <http://gnu.org/licenses/gpl.html>
# This is free software: you are free to change and redistribute it.
# There is NO WARRANTY, to the extent permitted by law.

# Make data base, printed on Sun Jun 19 15:10:02 2022

# Variables

# 'override' directive
GNUMAKEFLAGS := 
# automatic
<D = $(patsubst %/,%,$(patsubst %\,%,$(dir $<)))
# automatic
?F = $(notdir $?)
# default
.SHELLFLAGS := -c
# makefile
MAKEFLAGS = pqrR
# environment
VSCODE_LOG_NATIVE = false
# automatic
?D = $(patsubst %/,%,$(patsubst %\,%,$(dir $?)))
# environment
VISUALGDB_DIR = B:\Visual GDB\
# automatic
@D = $(patsubst %/,%,$(patsubst %\,%,$(dir $@)))
# environment
HOMEDRIVE = C:
# automatic
@F = $(notdir $@)
# automatic
^D = $(patsubst %/,%,$(patsubst %\,%,$(dir $^)))
# makefile
CURDIR := b:/Items/oscilloscope/stm32f103_oled
# environment
EIDE_OPENOCD = 
# default
SHELL := C:/Users/ronyz/.eide/bin/builder/msys/bin/sh.exe
# environment
CLION = B:\Clion\CLion 2021.1.1\bin;
# environment
WINDIR = C:\Windows
# environment
VSCODE_NLS_CONFIG = {"locale":"zh-cn","availableLanguages":{},"_languagePackSupport":true}
# environment
PYCHARM COMMUNITY EDITION = B:\pycharm\PyCharm Community Edition 2020.3.2\bin;
# environment
ONEDRIVE = C:\Users\ronyz\OneDrive
# environment
QSYS_ROOTDIR = B:\software\Quartus15\quartus\sopc_builder\bin
# environment
PATHEXT = .COM;.EXE;.BAT;.CMD;.VBS;.VBE;.JS;.JSE;.WSF;.WSH;.MSC
# makefile
MAKEFILE_LIST := 
# environment
FPS_BROWSER_USER_PROFILE_STRING = Default
# environment
TMP = C:\Users\ronyz\AppData\Local\Temp
# environment
VSCODE_VERBOSE_LOGGING = true
# environment
PROGRAMW6432 = C:\Program Files
# environment
PROGRAMDATA = C:\ProgramData
# environment
VSCODE_IPC_HOOK_EXTHOST = \\.\pipe\vscode-ipc-a50becc9-1fe1-4456-8598-3a6a48db07ef-sock
# environment
VSCODE_CWD = B:\VSCode\Microsoft VS Code
# environment
EIDE_ARM_GCC = 
# default
MAKE_HOST := x86_64-w64-mingw32
# environment
PATH = B:\Jlink\JLink_V494h;B:\JAVA\JDK15\bin;C:\Program Files\Common Files\Oracle\Java\javapath_target_72830171;C:\Program Files (x86)\Common Files\Oracle\Java\javapath;C:\Windows\system32;C:\Windows;C:\Windows\System32\Wbem;C:\Windows\System32\WindowsPowerShell\v1.0\;C:\Windows\System32\OpenSSH\;B:\Matlab\runtime\win64;B:\Matlab\bin;C:\Program Files (x86)\NVIDIA Corporation\PhysX\Common;B:\XFTP\;B:\XSHELL7\;B:\mingw64\bin;B:\Java\jdk\bin;C:\Program Files\NVIDIA Corporation\NVIDIA NvDLISR;B:\PUTTY\;B:\CONDA\envs\tensorflow;B:\CONDA;B:\CONDA\Scripts;B:\CONDA\Library\bin;B:\ARM_GCC\SysGCC\bin;B:\Git\Git\cmd;B:\CHIP\K210\Tools\ncc\nccv0.1.0rc5;C:\Program Files (x86)\STMicroelectronics\STM32 ST-LINK Utility\ST-LINK Utility;C:\Program Files\Microsoft SQL Server\Client SDK\ODBC\110\Tools\Binn\;C:\Program Files (x86)\Microsoft SQL Server\120\Tools\Binn\;C:\Program Files\Microsoft SQL Server\120\Tools\Binn\;C:\Program Files\Microsoft SQL Server\120\DTS\Binn\;C:\Program Files (x86)\Windows Kits\8.1\Windows Performance Toolkit\;C:\Program Files (x86)\IVI Foundation\VISA\WinNT\Bin;C:\Users\ronyz\AppData\Roaming\Python\Python38\Scripts;C:\Program Files\dotnet\;C:\Users\ronyz\AppData\Local\Microsoft\WindowsApps;B:\pycharm\PyCharm Community Edition 2020.3.2\bin;;B:\VSCode\Microsoft VS Code\bin;C:\Users\ronyz\AppData\Local\GitHubDesktop\bin;;B:\Idea\IntelliJ IDEA 2021.1\bin;;B:\Clion\CLion 2021.1.1\bin;;B:\pycharm\PyCharm 2021.1.1\bin;;B:\Bandizip\;B:\software\Quartus15\modelsim_ase\win32aloem;C:\Users\ronyz\.eide\bin\builder\bin;C:\Users\ronyz\.eide\bin\builder\utils;C:\Users\ronyz\.eide\bin\scripts;C:\Users\ronyz\.eide\tools\jlink;C:\Users\ronyz\.eide\tools;C:\Users\ronyz\.eide\bin\builder\msys\bin
# environment
SW_SIM_HYDRA = C:\Program Files\Common Files\SolidWorks Shared\Simulation Worker Agent\
# environment
COMMONPROGRAMW6432 = C:\Program Files\Common Files
# environment
ZES_ENABLE_SYSMAN = 1
# environment
PROCESSOR_ARCHITECTURE = AMD64
# environment
USERPROFILE = C:\Users\ronyz
# environment
ALLUSERSPROFILE = C:\ProgramData
# environment
SOPC_KIT_NIOS2 = B:\software\Quartus15\nios2eds
# environment
VSCODE_LOG_STACK = false
# environment
NUMBER_OF_PROCESSORS = 8
# environment
ELECTRON_RUN_AS_NODE = 1
# default
.FEATURES := target-specific order-only second-expansion else-if shortest-stem undefine oneshell archives jobserver output-sync
# environment
ALTERAOCLSDKROOT = B:\software\Quartus15\hld
# environment
INTELLIJ IDEA = B:\Idea\IntelliJ IDEA 2021.1\bin;
# automatic
%F = $(notdir $%)
# automatic
*F = $(notdir $*)
# environment
CHROME_CRASHPAD_PIPE_NAME = \\.\pipe\crashpad_13660_IHPGFCAWPMJLMJYX
# environment
SW_SIM_MPIT = INTELMPI
# environment
VSCODE_PIPE_LOGGING = true
# environment
COMPUTERNAME = RONYZ
# environment
PROGRAMFILES = C:\Program Files
# default
.LOADED := 
# environment
DRIVERDATA = C:\Windows\System32\Drivers\DriverData
# environment
ORIGINAL_XDG_CURRENT_DESKTOP = undefined
# environment
USERNAME = ronyz
# environment
PUBLIC = C:\Users\Public
# environment
VSCODE_AMD_ENTRYPOINT = vs/workbench/api/node/extensionHostProcess
# environment
VSCODE_CODE_CACHE_PATH = C:\Users\ronyz\AppData\Roaming\Code\CachedData\30d9c6cd9483b2cc586687151bcbcd635f373630
# environment
APPLICATION_INSIGHTS_NO_DIAGNOSTIC_CHANNEL = true
# environment
COMMONPROGRAMFILES = C:\Program Files\Common Files
# environment
LOGONSERVER = \\RONYZ
# environment
ONEDRIVECONSUMER = C:\Users\ronyz\OneDrive
# environment
VSCODE_HANDLES_UNCAUGHT_ERRORS = true
# environment
USERDOMAIN = RONYZ
# environment
MAKELEVEL := 0
# default
MAKE = $(MAKE_COMMAND)
# default
MAKECMDGOALS := all
# default
MAKE_VERSION := 4.2.1
# makefile
.DEFAULT_GOAL := 
# environment
PROGRAMFILES(X86) = C:\Program Files (x86)
# environment
EIDE_MSYS = C:\Users\ronyz\.eide\bin\builder\msys\bin
# automatic
%D = $(patsubst %/,%,$(patsubst %\,%,$(dir $%)))
# environment
LOCALAPPDATA = C:\Users\ronyz\AppData\Local
# environment
PSMODULEPATH = C:\Program Files\WindowsPowerShell\Modules;C:\Windows\system32\WindowsPowerShell\v1.0\Modules;C:\Program Files (x86)\Microsoft SQL Server\120\Tools\PowerShell\Modules\
# default
MAKE_COMMAND := make.exe
# default
.VARIABLES := 
# environment
EIDE_TOOLS_DIR = C:\Users\ronyz\.eide\tools
# environment
PROCESSOR_IDENTIFIER = Intel64 Family 6 Model 158 Stepping 9, GenuineIntel
# environment
OS = Windows_NT
# environment
VSCODE_IPC_HOOK = \\.\pipe\09bfdd846b4e4c77d0a243d448d575ba-1.68.1-main-sock
# environment
HOMEPATH = \Users\ronyz
# environment
COMMONPROGRAMFILES(X86) = C:\Program Files (x86)\Common Files
# environment
PROMPT = $P$G
# environment
MFLAGS = -pqrR
# automatic
*D = $(patsubst %/,%,$(patsubst %\,%,$(dir $*)))
# environment
SYSTEMROOT = C:\Windows
# automatic
+D = $(patsubst %/,%,$(patsubst %\,%,$(dir $+)))
# automatic
+F = $(notdir $+)
# environment
APPDATA = C:\Users\ronyz\AppData\Roaming
# environment
VXIPNPPATH = C:\Program Files (x86)\IVI Foundation\VISA\
# environment
TEMP = C:\Users\ronyz\AppData\Local\Temp
# environment
COMSPEC = C:\Windows\system32\cmd.exe
# default
MAKEFILES := 
# environment
QUARTUS_ROOTDIR = B:\software\Quartus15\quartus
# automatic
<F = $(notdir $<)
# environment
EIDE_JLINK = C:\Users\ronyz\.eide\tools\jlink
# environment
LC_ALL = C
# environment
SW_SIM_TEMP = C:\ProgramData\SOLIDWORKS\SW_net_sim_temp\
# automatic
^F = $(notdir $^)
# default
SUFFIXES := 
# environment
SYSTEMDRIVE = C:
# environment
SESSIONNAME = Console
# environment
PROCESSOR_REVISION = 9e09
# environment
PYCHARM = B:\pycharm\PyCharm 2021.1.1\bin;
# default
.RECIPEPREFIX := 
# environment
LANG = C
# environment
PROCESSOR_LEVEL = 6
# environment
FPS_BROWSER_APP_PROFILE_STRING = Internet Explorer
# environment
VSCODE_PID = 13660
# environment
DOTNET_CLI_TELEMETRY_OPTOUT = 1
# environment
USERDOMAIN_ROAMINGPROFILE = RONYZ
# variable set hash-table stats:
# Load=113/1024=11%, Rehash=0, Collisions=18/130=14%

# Pattern-specific Variable Values

# No pattern-specific variable values.

# Directories

# . (key b:/Items/oscilloscope/stm32f103_oled, mtime 1654861833): 17 files, no impossibilities.

# 17 files, no impossibilities in 1 directories.

# Implicit Rules

# No implicit rules.

# Files

# Not a target:
all:
#  Command line target.
#  Implicit rule search has been done.
#  File does not exist.
#  File has not been updated.

# Not a target:
Makefile:
#  Implicit rule search has been done.
#  File does not exist.
#  File has been updated.
#  Failed to be updated.

# Not a target:
makefile:
#  Implicit rule search has been done.
#  File does not exist.
#  File has been updated.
#  Failed to be updated.

# Not a target:
makefile.mak:
#  Implicit rule search has been done.
#  File does not exist.
#  File has been updated.
#  Failed to be updated.

# Not a target:
.DEFAULT:
#  Implicit rule search has not been done.
#  Modification time never checked.
#  File has not been updated.

# Not a target:
GNUmakefile:
#  Implicit rule search has been done.
#  File does not exist.
#  File has been updated.
#  Failed to be updated.

# files hash-table stats:
# Load=7/1024=1%, Rehash=0, Collisions=0/16=0%
# VPATH Search Paths

# No 'vpath' search paths.

# No general ('VPATH' variable) search path.

# strcache buffers: 1 (0) / strings = 24 / storage = 216 B / avg = 9 B
# current buf: size = 8162 B / used = 216 B / count = 24 / avg = 9 B

# strcache performance: lookups = 26 / hit rate = 7%
# hash-table stats:
# Load=24/8192=0%, Rehash=0, Collisions=1/26=4%
# Finished Make data base on Sun Jun 19 15:10:02 2022

 
